-------------------------------------------------------------------------------
Test set: com.soteria.SoteriaApplicationTests
-------------------------------------------------------------------------------
Tests run: 1, Failures: 0, Errors: 1, Skipped: 0, Time elapsed: 3.739 s <<< FAILURE! - in com.soteria.SoteriaApplicationTests
contextLoads  Time elapsed: 0.01 s  <<< ERROR!
java.lang.IllegalStateException: Failed to load ApplicationContext
Caused by: org.springframework.beans.factory.UnsatisfiedDependencyException: Error creating bean with name 'entityController' defined in file [/home/ramphy/Dev_Projects/Java/Soteria/target/classes/com/soteria/entity/EntityController.class]: Unsatisfied dependency expressed through constructor parameter 0; nested exception is org.springframework.beans.factory.UnsatisfiedDependencyException: Error creating bean with name 'entityService' defined in file [/home/ramphy/Dev_Projects/Java/Soteria/target/classes/com/soteria/entity/EntityService.class]: Unsatisfied dependency expressed through constructor parameter 0; nested exception is org.springframework.beans.factory.BeanCreationException: Error creating bean with name 'entityRepository' defined in com.soteria.entity.EntityRepository defined in @EnableJpaRepositories declared on JpaRepositoriesRegistrar.EnableJpaRepositoriesConfiguration: Invocation of init method failed; nested exception is org.springframework.data.repository.query.QueryCreationException: Could not create query for public abstract java.util.Optional com.soteria.entity.EntityRepository.findEntityByName(java.lang.String); Reason: Validation failed for query for method public abstract java.util.Optional com.soteria.entity.EntityRepository.findEntityByName(java.lang.String)!; nested exception is java.lang.IllegalArgumentException: Validation failed for query for method public abstract java.util.Optional com.soteria.entity.EntityRepository.findEntityByName(java.lang.String)!
Caused by: org.springframework.beans.factory.UnsatisfiedDependencyException: Error creating bean with name 'entityService' defined in file [/home/ramphy/Dev_Projects/Java/Soteria/target/classes/com/soteria/entity/EntityService.class]: Unsatisfied dependency expressed through constructor parameter 0; nested exception is org.springframework.beans.factory.BeanCreationException: Error creating bean with name 'entityRepository' defined in com.soteria.entity.EntityRepository defined in @EnableJpaRepositories declared on JpaRepositoriesRegistrar.EnableJpaRepositoriesConfiguration: Invocation of init method failed; nested exception is org.springframework.data.repository.query.QueryCreationException: Could not create query for public abstract java.util.Optional com.soteria.entity.EntityRepository.findEntityByName(java.lang.String); Reason: Validation failed for query for method public abstract java.util.Optional com.soteria.entity.EntityRepository.findEntityByName(java.lang.String)!; nested exception is java.lang.IllegalArgumentException: Validation failed for query for method public abstract java.util.Optional com.soteria.entity.EntityRepository.findEntityByName(java.lang.String)!
Caused by: org.springframework.beans.factory.BeanCreationException: Error creating bean with name 'entityRepository' defined in com.soteria.entity.EntityRepository defined in @EnableJpaRepositories declared on JpaRepositoriesRegistrar.EnableJpaRepositoriesConfiguration: Invocation of init method failed; nested exception is org.springframework.data.repository.query.QueryCreationException: Could not create query for public abstract java.util.Optional com.soteria.entity.EntityRepository.findEntityByName(java.lang.String); Reason: Validation failed for query for method public abstract java.util.Optional com.soteria.entity.EntityRepository.findEntityByName(java.lang.String)!; nested exception is java.lang.IllegalArgumentException: Validation failed for query for method public abstract java.util.Optional com.soteria.entity.EntityRepository.findEntityByName(java.lang.String)!
Caused by: org.springframework.data.repository.query.QueryCreationException: Could not create query for public abstract java.util.Optional com.soteria.entity.EntityRepository.findEntityByName(java.lang.String); Reason: Validation failed for query for method public abstract java.util.Optional com.soteria.entity.EntityRepository.findEntityByName(java.lang.String)!; nested exception is java.lang.IllegalArgumentException: Validation failed for query for method public abstract java.util.Optional com.soteria.entity.EntityRepository.findEntityByName(java.lang.String)!
Caused by: java.lang.IllegalArgumentException: Validation failed for query for method public abstract java.util.Optional com.soteria.entity.EntityRepository.findEntityByName(java.lang.String)!
Caused by: java.lang.IllegalArgumentException: org.hibernate.QueryException: Unable to resolve path [e.name], unexpected token [e] [SELECT e FROM com.soteria.entity.Entity WHERE e.name = ?1]
Caused by: org.hibernate.QueryException: Unable to resolve path [e.name], unexpected token [e] [SELECT e FROM com.soteria.entity.Entity WHERE e.name = ?1]
Caused by: org.hibernate.QueryException: Unable to resolve path [e.name], unexpected token [e]

